#
# There is insufficient memory for the Java Runtime Environment to continue.
# Native memory allocation (malloc) failed to allocate 90288 bytes for Chunk::new
# Possible reasons:
#   The system is out of physical RAM or swap space
#   The process is running with CompressedOops enabled, and the Java Heap may be blocking the growth of the native heap
# Possible solutions:
#   Reduce memory load on the system
#   Increase physical memory or swap space
#   Check if swap backing store is full
#   Decrease Java heap size (-Xmx/-Xms)
#   Decrease number of Java threads
#   Decrease Java thread stack sizes (-Xss)
#   Set larger code cache with -XX:ReservedCodeCacheSize=
#   JVM is running with Unscaled Compressed Oops mode in which the Java heap is
#     placed in the first 4GB address space. The Java Heap base address is the
#     maximum limit for the native heap growth. Please use -XX:HeapBaseMinAddress
#     to set the Java Heap base and to place the Java Heap above 4GB virtual address.
# This output file may be truncated or incomplete.
#
#  Out of Memory Error (allocation.cpp:389), pid=13068, tid=0x00000000000031a0
#
# JRE version: OpenJDK Runtime Environment (8.0_202-b03) (build 1.8.0_202-release-1483-b03)
# Java VM: OpenJDK 64-Bit Server VM (25.202-b03 mixed mode windows-amd64 compressed oops)
# Failed to write core dump. Minidumps are not enabled by default on client versions of Windows
#

---------------  T H R E A D  ---------------

Current thread (0x000000005786f000):  JavaThread "C2 CompilerThread1" daemon [_thread_in_native, id=12704, stack(0x0000000058070000,0x0000000058170000)]

Stack: [0x0000000058070000,0x0000000058170000]
[error occurred during error reporting (printing stack bounds), id 0xc0000005]

Native frames: (J=compiled Java code, j=interpreted, Vv=VM code, C=native code)


Current CompileTask:
C2:2443907 21721   !   4      
[error occurred during error reporting (printing current compile task), id 0xe0000001]


---------------  P R O C E S S  ---------------

Java Threads: ( => current thread )
  0x000000005e8aa000 JavaThread "Cache worker for execution history cache (C:\Users\Administrator\AndroidStudioProjects\sonicky\java\Sonic_Attendance_Proto\.gradle\5.4.1\executionHistory)" [_thread_blocked, id=10764, stack(0x00000000683d0000,0x00000000684d0000)]
  0x000000005e8b0000 JavaThread "Execution worker for ':' Thread 3" [_thread_blocked, id=7824, stack(0x0000000066e80000,0x0000000066f80000)]
  0x000000005e8ab000 JavaThread "Execution worker for ':' Thread 2" [_thread_new, id=4624, stack(0x0000000000000000,0x0000000000000000)]
  0x000000005e8ae800 JavaThread "Execution worker for ':'" [_thread_blocked, id=14260, stack(0x0000000066cc0000,0x0000000066dc0000)]
  0x000000005e8ad000 JavaThread "Cache worker for file content cache (C:\Users\Administrator\AndroidStudioProjects\sonicky\java\Sonic_Attendance_Proto\.gradle\5.4.1\fileContent)" [_thread_blocked, id=8224, stack(0x0000000066ab0000,0x0000000066bb0000)]
  0x000000005e8ab800 JavaThread "Cache worker for Build Output Cleanup Cache (C:\Users\Administrator\AndroidStudioProjects\sonicky\java\Sonic_Attendance_Proto\.gradle\buildOutputCleanup)" [_thread_blocked, id=8820, stack(0x000000005c2d0000,0x000000005c3d0000)]
  0x000000005a06e800 JavaThread "Build operations Thread 4" [_thread_blocked, id=7980, stack(0x0000000066940000,0x0000000066a40000)]
  0x000000005a072000 JavaThread "Build operations Thread 3" [_thread_blocked, id=9320, stack(0x0000000062110000,0x0000000062210000)]
  0x000000005a070800 JavaThread "Build operations Thread 2" [_thread_blocked, id=12128, stack(0x0000000065cc0000,0x0000000065dc0000)]
  0x000000005a070000 JavaThread "Build operations" [_thread_blocked, id=10272, stack(0x00000000654a0000,0x00000000655a0000)]
  0x000000005a06b800 JavaThread "Cache worker for cache directory md-rule (C:\Users\Administrator\.gradle\caches\5.4.1\md-rule)" [_thread_blocked, id=10096, stack(0x0000000064f30000,0x0000000065030000)]
  0x000000005adec800 JavaThread "Cache worker for cache directory md-supplier (C:\Users\Administrator\.gradle\caches\5.4.1\md-supplier)" [_thread_blocked, id=8692, stack(0x00000000618c0000,0x00000000619c0000)]
  0x000000005ade5000 JavaThread "Cache worker for file hash cache (C:\Users\Administrator\AndroidStudioProjects\sonicky\java\Sonic_Attendance_Proto\.gradle\5.4.1\fileHashes)" [_thread_blocked, id=12188, stack(0x0000000061fe0000,0x00000000620e0000)]
  0x000000005ade7800 JavaThread "Thread-388" [_thread_blocked, id=8388, stack(0x0000000061790000,0x0000000061890000)]
  0x000000005ade8000 JavaThread "Stdin handler" [_thread_blocked, id=2728, stack(0x00000000611c0000,0x00000000612c0000)]
  0x000000005ade9000 JavaThread "Asynchronous log dispatcher for DefaultDaemonConnection: socket connection from /127.0.0.1:55749 to /127.0.0.1:58150" [_thread_blocked, id=13984, stack(0x000000005ce40000,0x000000005cf40000)]
  0x000000005ade9800 JavaThread "Daemon worker Thread 11" [_thread_in_native, id=8904, stack(0x000000005c860000,0x000000005c960000)]
  0x000000005ade0800 JavaThread "Cancel handler" [_thread_blocked, id=11684, stack(0x000000005c6d0000,0x000000005c7d0000)]
  0x000000005adec000 JavaThread "Handler for socket connection from /127.0.0.1:55749 to /127.0.0.1:58150" [_thread_in_native, id=13404, stack(0x000000005a6f0000,0x000000005a7f0000)]
  0x000000005ade6000 JavaThread "Daemon Thread 11" [_thread_blocked, id=2112, stack(0x000000005bf60000,0x000000005c060000)]
  0x000000005d556000 JavaThread "Cache worker for Java compile cache (C:\Users\Administrator\.gradle\caches\5.4.1\javaCompile)" [_thread_blocked, id=11876, stack(0x0000000064dc0000,0x0000000064ec0000)]
  0x000000005a06d800 JavaThread "Cache worker for file content cache (C:\Users\Administrator\.gradle\caches\5.4.1\fileContent)" [_thread_blocked, id=4516, stack(0x0000000062fc0000,0x00000000630c0000)]
  0x000000005a06d000 JavaThread "Memory manager" [_thread_blocked, id=13208, stack(0x0000000062b70000,0x0000000062c70000)]
  0x000000005ade6800 JavaThread "Cache worker for execution history cache (C:\Users\Administrator\.gradle\caches\5.4.1\executionHistory)" [_thread_blocked, id=992, stack(0x00000000610a0000,0x00000000611a0000)]
  0x000000005ade0000 JavaThread "Cache worker for journal cache (C:\Users\Administrator\.gradle\caches\journal-1)" [_thread_blocked, id=13712, stack(0x000000005cf40000,0x000000005d040000)]
  0x000000005addf000 JavaThread "File lock request listener" [_thread_in_native, id=13632, stack(0x000000005cce0000,0x000000005cde0000)]
  0x000000005adde800 JavaThread "Cache worker for file hash cache (C:\Users\Administrator\.gradle\caches\5.4.1\fileHashes)" [_thread_blocked, id=13048, stack(0x0000000057f60000,0x0000000058060000)]
  0x000000005a41b800 JavaThread "Daemon periodic checks" [_thread_blocked, id=6332, stack(0x000000005be60000,0x000000005bf60000)]
  0x0000000059896800 JavaThread "Incoming local TCP Connector on port 55749" [_thread_in_native, id=12492, stack(0x000000005bcc0000,0x000000005bdc0000)]
  0x0000000059fcf800 JavaThread "Daemon health stats" [_thread_blocked, id=11252, stack(0x000000005b900000,0x000000005ba00000)]
  0x0000000057873800 JavaThread "Service Thread" daemon [_thread_blocked, id=6072, stack(0x0000000058400000,0x0000000058500000)]
  0x0000000057870000 JavaThread "C1 CompilerThread2" daemon [_thread_blocked, id=13104, stack(0x0000000058250000,0x0000000058350000)]
=>0x000000005786f000 JavaThread "C2 CompilerThread1" daemon [_thread_in_native, id=12704, stack(0x0000000058070000,0x0000000058170000)]
  0x00000000563ec000 JavaThread "C2 CompilerThread0" daemon [_thread_in_native, id=12432, stack(0x0000000057220000,0x0000000057320000)]
  0x0000000057858800 JavaThread "Attach Listener" daemon [_thread_blocked, id=3696, stack(0x0000000057e40000,0x0000000057f40000)]
  0x00000000563ea800 JavaThread "Signal Dispatcher" daemon [_thread_blocked, id=1968, stack(0x0000000057c50000,0x0000000057d50000)]
  0x00000000563c9000 JavaThread "Finalizer" daemon [_thread_blocked, id=344, stack(0x0000000057750000,0x0000000057850000)]
  0x00000000563c2000 JavaThread "Reference Handler" daemon [_thread_blocked, id=6060, stack(0x00000000575a0000,0x00000000576a0000)]
  0x000000000248f000 JavaThread "main" [_thread_blocked, id=11944, stack(0x00000000024d0000,0x00000000025d0000)]

Other Threads:
  0x000000005637a800 VMThread [stack: 0x0000000057330000,0x0000000057430000] [id=13656]
  0x0000000057875800 WatcherThread [stack: 0x0000000057440000,0x0000000057540000] [id=10004]

VM state:not at safepoint (normal execution)

VM Mutex/Monitor currently owned by a thread: None

heap address: 0x00000000a0000000, size: 1536 MB, Compressed Oops mode: 32-bit
Narrow klass base: 0x0000000000000000, Narrow klass shift: 0
Compressed class space size: 1073741824 Address: 0x00000000159f0000

Heap:
 PSYoungGen      total 331264K, used 229273K [0x00000000e0000000, 0x00000000f9980000, 0x0000000100000000)
  eden space 260608K, 68% used [0x00000000e0000000,0x00000000eaf0f458,0x00000000efe80000)
  from space 70656K, 70% used [0x00000000f5480000,0x00000000f85572c8,0x00000000f9980000)
  to   space 79360K, 0% used [0x00000000efe80000,0x00000000efe80000,0x00000000f4c00000)
 ParOldGen       total 165376K, used 115554K [0x00000000a0000000, 0x00000000aa180000, 0x00000000e0000000)
  object space 165376K, 69% used [0x00000000a0000000,0x00000000a70d8a88,0x00000000aa180000)
 Metaspace       used 88157K, capacity 93980K, committed 94080K, reserved 1130496K
  class space    used 11335K, capacity 12347K, committed 12416K, reserved 1048576K

Card table byte_map: [0x0000000011a30000,0x0000000011d40000] byte_map_base: 0x0000000011530000

Marking Bits: (ParMarkBitMap*) 0x0000000059679f30
 Begin Bits: [0x00000000126f0000, 0x0000000013ef0000)
 End Bits:   [0x0000000013ef0000, 0x00000000156f0000)

Polling page: 0x00000000023b0000

CodeCache: size=245760Kb used=60381Kb max_used=60381Kb free=185379Kb
 bounds [0x0000000002670000, 0x00000000061c0000, 0x0000000011670000]
 total_blobs=17703 nmethods=16858 adapters=756
 compilation: enabled

Compilation events (10 events):
Event: 2443.190 Thread 0x0000000057870000 21736       3       org.gradle.api.internal.tasks.execution.ExecuteActionsTaskExecuter$4::getReusedOutputOriginMetadata (31 bytes)
Event: 2443.191 Thread 0x0000000057870000 nmethod 21736 0x00000000061b0b90 code [0x00000000061b0d60, 0x00000000061b13c8]
Event: 2443.191 Thread 0x0000000057870000 21737       3       org.gradle.internal.execution.steps.ResolveCachingStateStep$2::isReused (10 bytes)
Event: 2443.191 Thread 0x0000000057870000 nmethod 21737 0x00000000061a4010 code [0x00000000061a4180, 0x00000000061a43a8]
Event: 2443.191 Thread 0x0000000057870000 21738       3       org.gradle.api.internal.tasks.execution.ExecuteActionsTaskExecuter$4::executedIncrementally (38 bytes)
Event: 2443.192 Thread 0x0000000057870000 nmethod 21738 0x00000000061b16d0 code [0x00000000061b18a0, 0x00000000061b2228]
Event: 2443.192 Thread 0x0000000057870000 21739       3       org.gradle.api.internal.tasks.execution.ExecuteActionsTaskExecuter$4::getExecutionReasons (10 bytes)
Event: 2443.192 Thread 0x0000000057870000 nmethod 21739 0x00000000061a3bd0 code [0x00000000061a3d40, 0x00000000061a3f68]
Event: 2443.192 Thread 0x0000000057870000 21740       3       org.gradle.internal.execution.steps.ResolveCachingStateStep$2::getExecutionReasons (10 bytes)
Event: 2443.193 Thread 0x0000000057870000 nmethod 21740 0x00000000061b25d0 code [0x00000000061b2740, 0x00000000061b2968]

GC Heap History (10 events):
Event: 1356.505 GC heap before
{Heap before GC invocations=26 (full 4):
 PSYoungGen      total 376832K, used 376455K [0x00000000e0000000, 0x00000000fbc80000, 0x0000000100000000)
  eden space 321024K, 100% used [0x00000000e0000000,0x00000000f3980000,0x00000000f3980000)
  from space 55808K, 99% used [0x00000000f4700000,0x00000000f7d21f68,0x00000000f7d80000)
  to   space 64512K, 0% used [0x00000000f7d80000,0x00000000f7d80000,0x00000000fbc80000)
 ParOldGen       total 165376K, used 115514K [0x00000000a0000000, 0x00000000aa180000, 0x00000000e0000000)
  object space 165376K, 69% used [0x00000000a0000000,0x00000000a70cea88,0x00000000aa180000)
 Metaspace       used 86214K, capacity 90578K, committed 90880K, reserved 1128448K
  class space    used 11114K, capacity 11946K, committed 12032K, reserved 1048576K
Event: 1356.614 GC heap after
Heap after GC invocations=26 (full 4):
 PSYoungGen      total 372224K, used 59128K [0x00000000e0000000, 0x00000000fbf80000, 0x0000000100000000)
  eden space 307712K, 0% used [0x00000000e0000000,0x00000000e0000000,0x00000000f2c80000)
  from space 64512K, 91% used [0x00000000f7d80000,0x00000000fb73e068,0x00000000fbc80000)
  to   space 75264K, 0% used [0x00000000f2c80000,0x00000000f2c80000,0x00000000f7600000)
 ParOldGen       total 165376K, used 115522K [0x00000000a0000000, 0x00000000aa180000, 0x00000000e0000000)
  object space 165376K, 69% used [0x00000000a0000000,0x00000000a70d0a88,0x00000000aa180000)
 Metaspace       used 86214K, capacity 90578K, committed 90880K, reserved 1128448K
  class space    used 11114K, capacity 11946K, committed 12032K, reserved 1048576K
}
Event: 1491.448 GC heap before
{Heap before GC invocations=27 (full 4):
 PSYoungGen      total 372224K, used 366840K [0x00000000e0000000, 0x00000000fbf80000, 0x0000000100000000)
  eden space 307712K, 100% used [0x00000000e0000000,0x00000000f2c80000,0x00000000f2c80000)
  from space 64512K, 91% used [0x00000000f7d80000,0x00000000fb73e068,0x00000000fbc80000)
  to   space 75264K, 0% used [0x00000000f2c80000,0x00000000f2c80000,0x00000000f7600000)
 ParOldGen       total 165376K, used 115522K [0x00000000a0000000, 0x00000000aa180000, 0x00000000e0000000)
  object space 165376K, 69% used [0x00000000a0000000,0x00000000a70d0a88,0x00000000aa180000)
 Metaspace       used 86547K, capacity 90954K, committed 91136K, reserved 1128448K
  class space    used 11119K, capacity 11954K, committed 12032K, reserved 1048576K
Event: 1491.500 GC heap after
Heap after GC invocations=27 (full 4):
 PSYoungGen      total 320000K, used 24764K [0x00000000e0000000, 0x00000000fac00000, 0x0000000100000000)
  eden space 294912K, 0% used [0x00000000e0000000,0x00000000e0000000,0x00000000f2000000)
  from space 25088K, 98% used [0x00000000f2c80000,0x00000000f44af0d0,0x00000000f4500000)
  to   space 71680K, 0% used [0x00000000f6600000,0x00000000f6600000,0x00000000fac00000)
 ParOldGen       total 165376K, used 115530K [0x00000000a0000000, 0x00000000aa180000, 0x00000000e0000000)
  object space 165376K, 69% used [0x00000000a0000000,0x00000000a70d2a88,0x00000000aa180000)
 Metaspace       used 86547K, capacity 90954K, committed 91136K, reserved 1128448K
  class space    used 11119K, capacity 11954K, committed 12032K, reserved 1048576K
}
Event: 1596.475 GC heap before
{Heap before GC invocations=28 (full 4):
 PSYoungGen      total 320000K, used 319676K [0x00000000e0000000, 0x00000000fac00000, 0x0000000100000000)
  eden space 294912K, 100% used [0x00000000e0000000,0x00000000f2000000,0x00000000f2000000)
  from space 25088K, 98% used [0x00000000f2c80000,0x00000000f44af0d0,0x00000000f4500000)
  to   space 71680K, 0% used [0x00000000f6600000,0x00000000f6600000,0x00000000fac00000)
 ParOldGen       total 165376K, used 115530K [0x00000000a0000000, 0x00000000aa180000, 0x00000000e0000000)
  object space 165376K, 69% used [0x00000000a0000000,0x00000000a70d2a88,0x00000000aa180000)
 Metaspace       used 86762K, capacity 91162K, committed 91392K, reserved 1128448K
  class space    used 11121K, capacity 11956K, committed 12032K, reserved 1048576K
Event: 1596.520 GC heap after
Heap after GC invocations=28 (full 4):
 PSYoungGen      total 336896K, used 20400K [0x00000000e0000000, 0x00000000f9b00000, 0x0000000100000000)
  eden space 282624K, 0% used [0x00000000e0000000,0x00000000e0000000,0x00000000f1400000)
  from space 54272K, 37% used [0x00000000f6600000,0x00000000f79ec020,0x00000000f9b00000)
  to   space 69120K, 0% used [0x00000000f1400000,0x00000000f1400000,0x00000000f5780000)
 ParOldGen       total 165376K, used 115538K [0x00000000a0000000, 0x00000000aa180000, 0x00000000e0000000)
  object space 165376K, 69% used [0x00000000a0000000,0x00000000a70d4a88,0x00000000aa180000)
 Metaspace       used 86762K, capacity 91162K, committed 91392K, reserved 1128448K
  class space    used 11121K, capacity 11956K, committed 12032K, reserved 1048576K
}
Event: 1627.183 GC heap before
{Heap before GC invocations=29 (full 4):
 PSYoungGen      total 336896K, used 303024K [0x00000000e0000000, 0x00000000f9b00000, 0x0000000100000000)
  eden space 282624K, 100% used [0x00000000e0000000,0x00000000f1400000,0x00000000f1400000)
  from space 54272K, 37% used [0x00000000f6600000,0x00000000f79ec020,0x00000000f9b00000)
  to   space 69120K, 0% used [0x00000000f1400000,0x00000000f1400000,0x00000000f5780000)
 ParOldGen       total 165376K, used 115538K [0x00000000a0000000, 0x00000000aa180000, 0x00000000e0000000)
  object space 165376K, 69% used [0x00000000a0000000,0x00000000a70d4a88,0x00000000aa180000)
 Metaspace       used 87882K, capacity 93640K, committed 93824K, reserved 1130496K
  class space    used 11335K, capacity 12347K, committed 12416K, reserved 1048576K
Event: 1627.279 GC heap after
Heap after GC invocations=29 (full 4):
 PSYoungGen      total 333312K, used 61492K [0x00000000e0000000, 0x00000000fa000000, 0x0000000100000000)
  eden space 271360K, 0% used [0x00000000e0000000,0x00000000e0000000,0x00000000f0900000)
  from space 61952K, 99% used [0x00000000f1400000,0x00000000f500d268,0x00000000f5080000)
  to   space 77312K, 0% used [0x00000000f5480000,0x00000000f5480000,0x00000000fa000000)
 ParOldGen       total 165376K, used 115546K [0x00000000a0000000, 0x00000000aa180000, 0x00000000e0000000)
  object space 165376K, 69% used [0x00000000a0000000,0x00000000a70d6a88,0x00000000aa180000)
 Metaspace       used 87882K, capacity 93640K, committed 93824K, reserved 1130496K
  class space    used 11335K, capacity 12347K, committed 12416K, reserved 1048576K
}
Event: 1735.230 GC heap before
{Heap before GC invocations=30 (full 4):
 PSYoungGen      total 333312K, used 332852K [0x00000000e0000000, 0x00000000fa000000, 0x0000000100000000)
  eden space 271360K, 100% used [0x00000000e0000000,0x00000000f0900000,0x00000000f0900000)
  from space 61952K, 99% used [0x00000000f1400000,0x00000000f500d268,0x00000000f5080000)
  to   space 77312K, 0% used [0x00000000f5480000,0x00000000f5480000,0x00000000fa000000)
 ParOldGen       total 165376K, used 115546K [0x00000000a0000000, 0x00000000aa180000, 0x00000000e0000000)
  object space 165376K, 69% used [0x00000000a0000000,0x00000000a70d6a88,0x00000000aa180000)
 Metaspace       used 88067K, capacity 93908K, committed 94080K, reserved 1130496K
  class space    used 11335K, capacity 12347K, committed 12416K, reserved 1048576K
Event: 1735.347 GC heap after
Heap after GC invocations=30 (full 4):
 PSYoungGen      total 331264K, used 50012K [0x00000000e0000000, 0x00000000f9980000, 0x0000000100000000)
  eden space 260608K, 0% used [0x00000000e0000000,0x00000000e0000000,0x00000000efe80000)
  from space 70656K, 70% used [0x00000000f5480000,0x00000000f85572c8,0x00000000f9980000)
  to   space 79360K, 0% used [0x00000000efe80000,0x00000000efe80000,0x00000000f4c00000)
 ParOldGen       total 165376K, used 115554K [0x00000000a0000000, 0x00000000aa180000, 0x00000000e0000000)
  object space 165376K, 69% used [0x00000000a0000000,0x00000000a70d8a88,0x00000000aa180000)
 Metaspace       used 88067K, capacity 93908K, committed 94080K, reserved 1130496K
  class space    used 11335K, capacity 12347K, committed 12416K, reserved 1048576K
}

Deoptimization events (10 events):
Event: 1625.325 Thread 0x000000005e8ae000 Uncommon trap: reason=bimorphic action=maybe_recompile pc=0x0000000005b93a00 method=com.sun.tools.javac.code.Types.capture(Lcom/sun/tools/javac/code/Type;)Lcom/sun/tools/javac/code/Type; @ 13
Event: 1625.326 Thread 0x000000005e8ae000 Uncommon trap: reason=bimorphic action=maybe_recompile pc=0x0000000005b93a00 method=com.sun.tools.javac.code.Types.capture(Lcom/sun/tools/javac/code/Type;)Lcom/sun/tools/javac/code/Type; @ 13
Event: 1626.436 Thread 0x000000005e8ab800 Uncommon trap: reason=unstable_if action=reinterpret pc=0x0000000005ab7620 method=com.android.tools.r8.ir.conversion.X.a(I[Lcom/android/tools/r8/ir/conversion/P;Lcom/android/tools/r8/m/a/a/b/d0;)Z @ 320
Event: 1734.068 Thread 0x000000005e8b0000 Uncommon trap: reason=array_check action=maybe_recompile pc=0x0000000005f6be40 method=java.util.ComparableTimSort.mergeHi(IIII)V @ 415
Event: 1734.068 Thread 0x000000005e8b0000 Uncommon trap: reason=array_check action=maybe_recompile pc=0x0000000005f6be40 method=java.util.ComparableTimSort.mergeHi(IIII)V @ 415
Event: 1734.111 Thread 0x000000005e8b0000 Uncommon trap: reason=array_check action=maybe_recompile pc=0x0000000005d8b278 method=java.util.ComparableTimSort.mergeLo(IIII)V @ 133
Event: 1734.111 Thread 0x000000005e8b0000 Uncommon trap: reason=array_check action=maybe_recompile pc=0x0000000005d8b278 method=java.util.ComparableTimSort.mergeLo(IIII)V @ 133
Event: 1734.150 Thread 0x000000005e8b0000 Uncommon trap: reason=array_check action=maybe_recompile pc=0x0000000005d879e8 method=java.util.ComparableTimSort.mergeHi(IIII)V @ 521
Event: 1734.150 Thread 0x000000005e8b0000 Uncommon trap: reason=array_check action=maybe_recompile pc=0x0000000005d879e8 method=java.util.ComparableTimSort.mergeHi(IIII)V @ 521
Event: 1734.223 Thread 0x000000005e8b0000 Uncommon trap: reason=range_check action=make_not_entrant pc=0x0000000005f6fa2c method=com.sun.tools.javac.util.Convert.utf2chars([BI[CII)I @ 25

Classes redefined (0 events):
No events

Internal exceptions (10 events):
Event: 1734.822 Thread 0x0000000059961000 Exception <a 'sun/nio/fs/WindowsException'> (0x00000000ed2fb900) thrown at [D:\src\AOSP-openjdk-cygwin\jdk8u\hotspot\src\share\vm\prims\jni.cpp, line 710]
Event: 1734.824 Thread 0x0000000059961000 Exception <a 'sun/nio/fs/WindowsException'> (0x00000000ed304c20) thrown at [D:\src\AOSP-openjdk-cygwin\jdk8u\hotspot\src\share\vm\prims\jni.cpp, line 710]
Event: 1734.826 Thread 0x0000000059961000 Exception <a 'sun/nio/fs/WindowsException'> (0x00000000ed3d25b8) thrown at [D:\src\AOSP-openjdk-cygwin\jdk8u\hotspot\src\share\vm\prims\jni.cpp, line 710]
Event: 1734.827 Thread 0x0000000059961000 Exception <a 'sun/nio/fs/WindowsException'> (0x00000000ed3de2d8) thrown at [D:\src\AOSP-openjdk-cygwin\jdk8u\hotspot\src\share\vm\prims\jni.cpp, line 710]
Event: 1734.830 Thread 0x0000000059961000 Exception <a 'sun/nio/fs/WindowsException'> (0x00000000ed47b0e0) thrown at [D:\src\AOSP-openjdk-cygwin\jdk8u\hotspot\src\share\vm\prims\jni.cpp, line 710]
Event: 1734.832 Thread 0x0000000059961000 Exception <a 'sun/nio/fs/WindowsException'> (0x00000000ed483f30) thrown at [D:\src\AOSP-openjdk-cygwin\jdk8u\hotspot\src\share\vm\prims\jni.cpp, line 710]
Event: 1734.834 Thread 0x0000000059961000 Exception <a 'sun/nio/fs/WindowsException'> (0x00000000ed48c7e0) thrown at [D:\src\AOSP-openjdk-cygwin\jdk8u\hotspot\src\share\vm\prims\jni.cpp, line 710]
Event: 1735.115 Thread 0x0000000059960800 Exception <a 'sun/nio/fs/WindowsException'> (0x00000000edc68880) thrown at [D:\src\AOSP-openjdk-cygwin\jdk8u\hotspot\src\share\vm\prims\jni.cpp, line 710]
Event: 1735.905 Thread 0x000000005a06b800 Exception <a 'sun/nio/fs/WindowsException'> (0x00000000e7563888) thrown at [D:\src\AOSP-openjdk-cygwin\jdk8u\hotspot\src\share\vm\prims\jni.cpp, line 710]
Event: 1736.185 Thread 0x000000005adec000 Exception <a 'sun/nio/fs/WindowsException'> (0x00000000e8c9fd38) thrown at [D:\src\AOSP-openjdk-cygwin\jdk8u\hotspot\src\share\vm\prims\jni.cpp, line 710]

Events (10 events):
Event: 2442.643 Thread 0x000000005a072000 Thread added: 0x000000005a072000
Event: 2442.644 Thread 0x000000005a06e800 Thread added: 0x000000005a06e800
Event: 2442.659 Executing VM operation: RevokeBias
Event: 2442.669 Executing VM operation: RevokeBias done
Event: 2442.785 Thread 0x000000005e8ab800 Thread added: 0x000000005e8ab800
Event: 2442.984 Thread 0x000000005e8ad000 Thread added: 0x000000005e8ad000
Event: 2443.031 Thread 0x000000005e8ae800 Thread added: 0x000000005e8ae800
Event: 2443.031 Thread 0x000000005e8ab000 Thread added: 0x000000005e8ab000
Event: 2443.031 Thread 0x000000005e8b0000 Thread added: 0x000000005e8b0000
Event: 2443.033 Thread 0x000000005e8aa000 Thread added: 0x000000005e8aa000


Dynamic libraries:
0x000000013f460000 - 0x000000013f491000 	C:\Program Files\Android\Android Studio\jre\bin\java.exe
0x0000000077830000 - 0x00000000779da000 	C:\Windows\SYSTEM32\ntdll.dll
0x0000000077610000 - 0x000000007772f000 	C:\Windows\system32\kernel32.dll
0x000007fefd600000 - 0x000007fefd66a000 	C:\Windows\system32\KERNELBASE.dll
0x000007fefdce0000 - 0x000007fefddbb000 	C:\Windows\system32\ADVAPI32.dll
0x000007fefddc0000 - 0x000007fefde5f000 	C:\Windows\system32\msvcrt.dll
0x000007fefe3d0000 - 0x000007fefe3ef000 	C:\Windows\SYSTEM32\sechost.dll
0x000007fefe580000 - 0x000007fefe6ad000 	C:\Windows\system32\RPCRT4.dll
0x0000000077730000 - 0x000000007782a000 	C:\Windows\system32\USER32.dll
0x000007feffad0000 - 0x000007feffb37000 	C:\Windows\system32\GDI32.dll
0x000007fefece0000 - 0x000007fefecee000 	C:\Windows\system32\LPK.dll
0x000007fefe940000 - 0x000007fefea0a000 	C:\Windows\system32\USP10.dll
0x000007fefba80000 - 0x000007fefbc74000 	C:\Windows\WinSxS\amd64_microsoft.windows.common-controls_6595b64144ccf1df_6.0.7601.18837_none_fa3b1e3d17594757\COMCTL32.dll
0x000007fefe020000 - 0x000007fefe091000 	C:\Windows\system32\SHLWAPI.dll
0x000007fefe6b0000 - 0x000007fefe6de000 	C:\Windows\system32\IMM32.DLL
0x000007fefdf10000 - 0x000007fefe019000 	C:\Windows\system32\MSCTF.dll
0x00000000728a0000 - 0x0000000072972000 	C:\Program Files\Android\Android Studio\jre\jre\bin\msvcr100.dll
0x0000000058eb0000 - 0x00000000596f6000 	C:\Program Files\Android\Android Studio\jre\jre\bin\server\jvm.dll
0x000007fee7170000 - 0x000007fee7179000 	C:\Windows\system32\WSOCK32.dll
0x000007fefecf0000 - 0x000007fefed3d000 	C:\Windows\system32\WS2_32.dll
0x000007fefde60000 - 0x000007fefde68000 	C:\Windows\system32\NSI.dll
0x000007fef7140000 - 0x000007fef717b000 	C:\Windows\system32\WINMM.dll
0x000007fefc6c0000 - 0x000007fefc6cc000 	C:\Windows\system32\VERSION.dll
0x00000000779f0000 - 0x00000000779f7000 	C:\Windows\system32\PSAPI.DLL
0x000007fedfe10000 - 0x000007fedfe1f000 	C:\Program Files\Android\Android Studio\jre\jre\bin\verify.dll
0x000007fedf4c0000 - 0x000007fedf4e9000 	C:\Program Files\Android\Android Studio\jre\jre\bin\java.dll
0x000007fedfdf0000 - 0x000007fedfe06000 	C:\Program Files\Android\Android Studio\jre\jre\bin\zip.dll
0x000007fefed40000 - 0x000007feffaca000 	C:\Windows\system32\SHELL32.dll
0x000007fefea10000 - 0x000007fefec13000 	C:\Windows\system32\ole32.dll
0x000007fefd5f0000 - 0x000007fefd5ff000 	C:\Windows\system32\profapi.dll
0x000007fedf4a0000 - 0x000007fedf4ba000 	C:\Program Files\Android\Android Studio\jre\jre\bin\net.dll
0x000007fefcd50000 - 0x000007fefcda5000 	C:\Windows\system32\mswsock.dll
0x000007fefcf10000 - 0x000007fefcf17000 	C:\Windows\System32\wship6.dll
0x000007fedf480000 - 0x000007fedf491000 	C:\Program Files\Android\Android Studio\jre\jre\bin\nio.dll
0x000007fedf530000 - 0x000007fedf556000 	C:\Users\Administrator\.gradle\native\29\windows-amd64\native-platform.dll
0x000007fefa4a0000 - 0x000007fefa4a3000 	C:\Windows\system32\api-ms-win-core-synch-l1-2-0.DLL
0x000007fedf470000 - 0x000007fedf47d000 	C:\Program Files\Android\Android Studio\jre\jre\bin\management.dll
0x000007fefcff0000 - 0x000007fefd008000 	C:\Windows\system32\CRYPTSP.dll
0x000007fefc9c0000 - 0x000007fefca07000 	C:\Windows\system32\rsaenh.dll
0x000007fefd780000 - 0x000007fefd79e000 	C:\Windows\system32\USERENV.dll
0x000007fefd480000 - 0x000007fefd48f000 	C:\Windows\system32\CRYPTBASE.dll
0x000007fefad20000 - 0x000007fefad47000 	C:\Windows\system32\IPHLPAPI.DLL
0x000007fefad10000 - 0x000007fefad1b000 	C:\Windows\system32\WINNSI.DLL
0x000007fefa090000 - 0x000007fefa0a8000 	C:\Windows\system32\dhcpcsvc.DLL
0x000007fefa070000 - 0x000007fefa081000 	C:\Windows\system32\dhcpcsvc6.DLL

VM Arguments:
jvm_args: -Xmx1536m -Dfile.encoding=x-windows-949 -Duser.country=KR -Duser.language=ko -Duser.variant 
java_command: org.gradle.launcher.daemon.bootstrap.GradleDaemon 5.4.1
java_class_path (initial): C:\Users\Administrator\.gradle\wrapper\dists\gradle-5.4.1-all\3221gyojl5jsh0helicew7rwx\gradle-5.4.1\lib\gradle-launcher-5.4.1.jar
Launcher Type: SUN_STANDARD

Environment Variables:
PATH=C:\Program Files (x86)\Common Files\Oracle\Java\javapath;C:\Program Files (x86)\Intel\iCLS Client\;C:\Program Files\Intel\iCLS Client\;C:\Windows\system32;C:\Windows;C:\Windows\System32\Wbem;C:\Windows\System32\WindowsPowerShell\v1.0\;C:\Program Files\Intel\Intel(R) Management Engine Components\DAL;C:\Program Files (x86)\Intel\Intel(R) Management Engine Components\DAL;C:\Program Files\Intel\Intel(R) Management Engine Components\IPT;C:\Program Files (x86)\Intel\Intel(R) Management Engine Components\IPT;c:\Program Files (x86)\Microsoft SQL Server\100\Tools\Binn\;c:\Program Files\Microsoft SQL Server\100\Tools\Binn\;c:\Program Files\Microsoft SQL Server\100\DTS\Binn\;C:\Program Files\MATLAB\MATLAB Production Server\R2015a\runtime\win64;C:\Program Files\MATLAB\MATLAB Production Server\R2015a\bin;C:\Program Files\MATLAB\MATLAB Production Server\R2015a\polyspace\bin;C:\APM_Setup\Server\Apache\bin;C:\APM_Setup\Server\MySQL5\bin;C:\APM_Setup\Ser;C:\Program Files\Intel\WiFi\bin\;C:\Program Files\Common Files\Intel\WirelessCommon\;C:\Program Files\Git\cmd;C:\Program Files (x86)\Google\Cloud SDK\google-cloud-sdk\bin;C:\Users\Administrator\Downloads\httpd-2.4.41-win64-VS16\Apache24;C:\Program Files\MySQL\MySQL Shell 8.0\bin\;C:\Program Files (x86)\Nmap;C:\Users\Administrator\AppData\Local\Programs\Fiddler;C:\Program Files\Intel\WiFi\bin\;C:\Program Files\Common Files\Intel\WirelessCommon\;C:\Users\Administrator\AppData\Local\GitHubDesktop\bin
USERNAME=Administrator
OS=Windows_NT
PROCESSOR_IDENTIFIER=Intel64 Family 6 Model 61 Stepping 4, GenuineIntel



---------------  S Y S T E M  ---------------

OS: Windows 7 , 64 bit Build 7601 (6.1.7601.23677)

CPU:total 4 (initial active 4) (2 cores per cpu, 2 threads per core) family 6 model 61 stepping 4, cmov, cx8, fxsr, mmx, sse, sse2, sse3, ssse3, sse4.1, sse4.2, popcnt, avx, avx2, aes, clmul, erms, 3dnowpref, lzcnt, ht, tsc, tscinvbit, bmi1, bmi2, adx

Memory: 4k page, physical 4097968k(194624k free), swap 12331168k(5148k free)

vm_info: OpenJDK 64-Bit Server VM (25.202-b03) for windows-amd64 JRE (1.8.0_202-release-1483-b03), built by "builder" with MS VC++ 10.0 (VS2010)

time: Tue Feb 11 21:09:54 2020
timezone: 대한민국 표준시
elapsed time: 2443 seconds (0d 0h 40m 43s)

