#
# There is insufficient memory for the Java Runtime Environment to continue.
# Native memory allocation (malloc) failed to allocate 1064496 bytes for Chunk::new
# Possible reasons:
#   The system is out of physical RAM or swap space
#   The process is running with CompressedOops enabled, and the Java Heap may be blocking the growth of the native heap
# Possible solutions:
#   Reduce memory load on the system
#   Increase physical memory or swap space
#   Check if swap backing store is full
#   Decrease Java heap size (-Xmx/-Xms)
#   Decrease number of Java threads
#   Decrease Java thread stack sizes (-Xss)
#   Set larger code cache with -XX:ReservedCodeCacheSize=
#   JVM is running with Unscaled Compressed Oops mode in which the Java heap is
#     placed in the first 4GB address space. The Java Heap base address is the
#     maximum limit for the native heap growth. Please use -XX:HeapBaseMinAddress
#     to set the Java Heap base and to place the Java Heap above 4GB virtual address.
# This output file may be truncated or incomplete.
#
#  Out of Memory Error (allocation.cpp:389), pid=11168, tid=0x0000000000002234
#
# JRE version: OpenJDK Runtime Environment (8.0_202-b03) (build 1.8.0_202-release-1483-b03)
# Java VM: OpenJDK 64-Bit Server VM (25.202-b03 mixed mode windows-amd64 compressed oops)
# Failed to write core dump. Minidumps are not enabled by default on client versions of Windows
#

---------------  T H R E A D  ---------------

Current thread (0x000000005627e000):  JavaThread "C2 CompilerThread0" daemon [_thread_in_native, id=8756, stack(0x0000000058060000,0x0000000058160000)]

Stack: [0x0000000058060000,0x0000000058160000]
[error occurred during error reporting (printing stack bounds), id 0xc0000005]

Native frames: (J=compiled Java code, j=interpreted, Vv=VM code, C=native code)


Current CompileTask:
C2:  17962 3674       4       org.objectweb.asm.SymbolTable::addConstantMemberReference (147 bytes)


---------------  P R O C E S S  ---------------

Java Threads: ( => current thread )
  0x0000000059887800 JavaThread "Cache worker for Build Output Cleanup Cache (C:\Users\Administrator\AndroidStudioProjects\sonicky\java\Sonic_Attendance_Proto\.gradle\buildOutputCleanup)" [_thread_blocked, id=13192, stack(0x0000000062860000,0x0000000062960000)]
  0x0000000059885800 JavaThread "Build operations Thread 4" [_thread_blocked, id=2208, stack(0x0000000057f50000,0x0000000058050000)]
  0x0000000059885000 JavaThread "Build operations Thread 3" [_thread_blocked, id=13024, stack(0x0000000062250000,0x0000000062350000)]
  0x0000000059884000 JavaThread "Build operations Thread 2" [_thread_blocked, id=8472, stack(0x0000000062070000,0x0000000062170000)]
  0x0000000059883800 JavaThread "Build operations" [_thread_blocked, id=9692, stack(0x0000000060d50000,0x0000000060e50000)]
  0x0000000059882800 JavaThread "Cache worker for execution history cache (C:\Users\Administrator\.gradle\caches\5.4.1\executionHistory)" [_thread_blocked, id=320, stack(0x000000005ed10000,0x000000005ee10000)]
  0x0000000059882000 JavaThread "Cache worker for cache directory md-rule (C:\Users\Administrator\.gradle\caches\5.4.1\md-rule)" [_thread_blocked, id=304, stack(0x0000000060620000,0x0000000060720000)]
  0x0000000059881000 JavaThread "Cache worker for cache directory md-supplier (C:\Users\Administrator\.gradle\caches\5.4.1\md-supplier)" [_thread_blocked, id=3736, stack(0x00000000604e0000,0x00000000605e0000)]
  0x000000005987c800 JavaThread "Cache worker for file hash cache (C:\Users\Administrator\AndroidStudioProjects\sonicky\java\Sonic_Attendance_Proto\.gradle\5.4.1\fileHashes)" [_thread_blocked, id=5452, stack(0x000000005ebe0000,0x000000005ece0000)]
  0x000000005987c000 JavaThread "Cache worker for journal cache (C:\Users\Administrator\.gradle\caches\journal-1)" [_thread_blocked, id=6540, stack(0x000000005c310000,0x000000005c410000)]
  0x000000005987b000 JavaThread "File lock request listener" [_thread_in_native, id=11428, stack(0x000000005c090000,0x000000005c190000)]
  0x0000000058efc800 JavaThread "Cache worker for file hash cache (C:\Users\Administrator\.gradle\caches\5.4.1\fileHashes)" [_thread_blocked, id=12444, stack(0x000000005c1e0000,0x000000005c2e0000)]
  0x00000000596e2800 JavaThread "Thread-9" [_thread_blocked, id=12580, stack(0x000000005bf50000,0x000000005c050000)]
  0x0000000057a12800 JavaThread "Stdin handler" [_thread_blocked, id=13224, stack(0x000000005be30000,0x000000005bf30000)]
  0x0000000057a11800 JavaThread "Asynchronous log dispatcher for DefaultDaemonConnection: socket connection from /127.0.0.1:9904 to /127.0.0.1:9905" [_thread_blocked, id=7892, stack(0x000000005bb70000,0x000000005bc70000)]
  0x0000000057a0b000 JavaThread "Daemon worker" [_thread_in_vm, id=6424, stack(0x000000005bca0000,0x000000005bda0000)]
  0x0000000057a16000 JavaThread "Cancel handler" [_thread_blocked, id=11020, stack(0x0000000057610000,0x0000000057710000)]
  0x0000000058b68000 JavaThread "Handler for socket connection from /127.0.0.1:9904 to /127.0.0.1:9905" [_thread_in_native, id=12128, stack(0x000000005b830000,0x000000005b930000)]
  0x0000000058b66800 JavaThread "Daemon" [_thread_blocked, id=5400, stack(0x000000005b080000,0x000000005b180000)]
  0x0000000059861800 JavaThread "Daemon periodic checks" [_thread_blocked, id=12636, stack(0x000000005b710000,0x000000005b810000)]
  0x000000005a256000 JavaThread "Incoming local TCP Connector on port 9904" [_thread_in_native, id=5232, stack(0x000000005b5b0000,0x000000005b6b0000)]
  0x00000000598b0800 JavaThread "Daemon health stats" [_thread_blocked, id=7736, stack(0x000000005b1d0000,0x000000005b2d0000)]
  0x0000000057845800 JavaThread "Service Thread" daemon [_thread_blocked, id=12464, stack(0x00000000584b0000,0x00000000585b0000)]
  0x0000000057842000 JavaThread "C1 CompilerThread2" daemon [_thread_blocked, id=8344, stack(0x0000000058360000,0x0000000058460000)]
  0x0000000057841000 JavaThread "C2 CompilerThread1" daemon [_thread_blocked, id=2880, stack(0x0000000058180000,0x0000000058280000)]
=>0x000000005627e000 JavaThread "C2 CompilerThread0" daemon [_thread_in_native, id=8756, stack(0x0000000058060000,0x0000000058160000)]
  0x000000005782a800 JavaThread "Attach Listener" daemon [_thread_blocked, id=11400, stack(0x0000000057e50000,0x0000000057f50000)]
  0x000000005627a000 JavaThread "Signal Dispatcher" daemon [_thread_blocked, id=12260, stack(0x0000000057c90000,0x0000000057d90000)]
  0x0000000056253000 JavaThread "Finalizer" daemon [_thread_blocked, id=11920, stack(0x0000000057720000,0x0000000057820000)]
  0x0000000056251800 JavaThread "Reference Handler" daemon [_thread_blocked, id=8440, stack(0x00000000574e0000,0x00000000575e0000)]
  0x000000000247f000 JavaThread "main" [_thread_blocked, id=9480, stack(0x00000000025d0000,0x00000000026d0000)]

Other Threads:
  0x000000005620a000 VMThread [stack: 0x00000000572d0000,0x00000000573d0000] [id=1416]
  0x0000000057847800 WatcherThread [stack: 0x0000000058630000,0x0000000058730000] [id=9292]

VM state:not at safepoint (normal execution)

VM Mutex/Monitor currently owned by a thread: None

heap address: 0x00000000a0000000, size: 1536 MB, Compressed Oops mode: 32-bit
Narrow klass base: 0x0000000000000000, Narrow klass shift: 0
Compressed class space size: 1073741824 Address: 0x0000000015880000

Heap:
 PSYoungGen      total 132608K, used 85235K [0x00000000e0000000, 0x00000000e8f00000, 0x0000000100000000)
  eden space 122368K, 69% used [0x00000000e0000000,0x00000000e533cf28,0x00000000e7780000)
  from space 10240K, 0% used [0x00000000e7b00000,0x00000000e7b00000,0x00000000e8500000)
  to   space 8192K, 0% used [0x00000000e8700000,0x00000000e8700000,0x00000000e8f00000)
 ParOldGen       total 48128K, used 20976K [0x00000000a0000000, 0x00000000a2f00000, 0x00000000e0000000)
  object space 48128K, 43% used [0x00000000a0000000,0x00000000a147c018,0x00000000a2f00000)
 Metaspace       used 43961K, capacity 44810K, committed 45144K, reserved 1087488K
  class space    used 5950K, capacity 6183K, committed 6272K, reserved 1048576K

Card table byte_map: [0x0000000011a90000,0x0000000011da0000] byte_map_base: 0x0000000011590000

Marking Bits: (ParMarkBitMap*) 0x000000006eaa9f30
 Begin Bits: [0x0000000012580000, 0x0000000013d80000)
 End Bits:   [0x0000000013d80000, 0x0000000015580000)

Polling page: 0x0000000000140000

CodeCache: size=245760Kb used=11753Kb max_used=11764Kb free=234006Kb
 bounds [0x00000000026d0000, 0x0000000003260000, 0x00000000116d0000]
 total_blobs=4185 nmethods=3437 adapters=660
 compilation: enabled

Compilation events (10 events):
Event: 17.823 Thread 0x0000000057842000 nmethod 3708 0x000000000324ec90 code [0x000000000324ee00, 0x000000000324f188]
Event: 17.823 Thread 0x0000000057842000 3710       3       org.objectweb.asm.SymbolTable::hash (7 bytes)
Event: 17.823 Thread 0x0000000057842000 nmethod 3710 0x000000000324e990 code [0x000000000324eae0, 0x000000000324ec10]
Event: 17.826 Thread 0x0000000057841000 nmethod 3680 0x0000000003253d10 code [0x0000000003253e80, 0x0000000003254298]
Event: 17.826 Thread 0x0000000057841000 3711       4       org.objectweb.asm.SymbolTable::addConstantUtf8Reference (101 bytes)
Event: 17.848 Thread 0x0000000057841000 nmethod 3711 0x0000000003252b50 code [0x0000000003252ce0, 0x0000000003253618]
Event: 17.848 Thread 0x0000000057841000 3704       4       sun.reflect.ClassFileAssembler::emitShort (24 bytes)
Event: 17.852 Thread 0x0000000057841000 nmethod 3704 0x0000000003254650 code [0x00000000032547c0, 0x00000000032549f8]
Event: 17.956 Thread 0x0000000057842000 3712       1       com.google.common.collect.MapMakerInternalMap$1::clear (1 bytes)
Event: 17.956 Thread 0x0000000057842000 nmethod 3712 0x0000000003252890 code [0x00000000032529e0, 0x0000000003252af0]

GC Heap History (10 events):
Event: 7.976 GC heap before
{Heap before GC invocations=7 (full 0):
 PSYoungGen      total 70656K, used 52281K [0x00000000e0000000, 0x00000000e4e00000, 0x0000000100000000)
  eden space 64512K, 71% used [0x00000000e0000000,0x00000000e2d15548,0x00000000e3f00000)
  from space 6144K, 99% used [0x00000000e4600000,0x00000000e4bf9100,0x00000000e4c00000)
  to   space 7168K, 0% used [0x00000000e3f00000,0x00000000e3f00000,0x00000000e4600000)
 ParOldGen       total 44032K, used 7204K [0x00000000a0000000, 0x00000000a2b00000, 0x00000000e0000000)
  object space 44032K, 16% used [0x00000000a0000000,0x00000000a0709058,0x00000000a2b00000)
 Metaspace       used 20703K, capacity 21128K, committed 21248K, reserved 1067008K
  class space    used 2918K, capacity 3066K, committed 3072K, reserved 1048576K
Event: 8.013 GC heap after
Heap after GC invocations=7 (full 0):
 PSYoungGen      total 71680K, used 7145K [0x00000000e0000000, 0x00000000e9000000, 0x0000000100000000)
  eden space 64512K, 0% used [0x00000000e0000000,0x00000000e0000000,0x00000000e3f00000)
  from space 7168K, 99% used [0x00000000e3f00000,0x00000000e45fa6f8,0x00000000e4600000)
  to   space 9216K, 0% used [0x00000000e8700000,0x00000000e8700000,0x00000000e9000000)
 ParOldGen       total 44032K, used 9268K [0x00000000a0000000, 0x00000000a2b00000, 0x00000000e0000000)
  object space 44032K, 21% used [0x00000000a0000000,0x00000000a090d240,0x00000000a2b00000)
 Metaspace       used 20703K, capacity 21128K, committed 21248K, reserved 1067008K
  class space    used 2918K, capacity 3066K, committed 3072K, reserved 1048576K
}
Event: 8.013 GC heap before
{Heap before GC invocations=8 (full 1):
 PSYoungGen      total 71680K, used 7145K [0x00000000e0000000, 0x00000000e9000000, 0x0000000100000000)
  eden space 64512K, 0% used [0x00000000e0000000,0x00000000e0000000,0x00000000e3f00000)
  from space 7168K, 99% used [0x00000000e3f00000,0x00000000e45fa6f8,0x00000000e4600000)
  to   space 9216K, 0% used [0x00000000e8700000,0x00000000e8700000,0x00000000e9000000)
 ParOldGen       total 44032K, used 9268K [0x00000000a0000000, 0x00000000a2b00000, 0x00000000e0000000)
  object space 44032K, 21% used [0x00000000a0000000,0x00000000a090d240,0x00000000a2b00000)
 Metaspace       used 20703K, capacity 21128K, committed 21248K, reserved 1067008K
  class space    used 2918K, capacity 3066K, committed 3072K, reserved 1048576K
Event: 8.081 GC heap after
Heap after GC invocations=8 (full 1):
 PSYoungGen      total 71680K, used 0K [0x00000000e0000000, 0x00000000e9000000, 0x0000000100000000)
  eden space 64512K, 0% used [0x00000000e0000000,0x00000000e0000000,0x00000000e3f00000)
  from space 7168K, 0% used [0x00000000e3f00000,0x00000000e3f00000,0x00000000e4600000)
  to   space 9216K, 0% used [0x00000000e8700000,0x00000000e8700000,0x00000000e9000000)
 ParOldGen       total 35840K, used 13912K [0x00000000a0000000, 0x00000000a2300000, 0x00000000e0000000)
  object space 35840K, 38% used [0x00000000a0000000,0x00000000a0d960f0,0x00000000a2300000)
 Metaspace       used 20703K, capacity 21128K, committed 21248K, reserved 1067008K
  class space    used 2918K, capacity 3066K, committed 3072K, reserved 1048576K
}
Event: 10.471 GC heap before
{Heap before GC invocations=9 (full 1):
 PSYoungGen      total 71680K, used 64512K [0x00000000e0000000, 0x00000000e9000000, 0x0000000100000000)
  eden space 64512K, 100% used [0x00000000e0000000,0x00000000e3f00000,0x00000000e3f00000)
  from space 7168K, 0% used [0x00000000e3f00000,0x00000000e3f00000,0x00000000e4600000)
  to   space 9216K, 0% used [0x00000000e8700000,0x00000000e8700000,0x00000000e9000000)
 ParOldGen       total 35840K, used 13912K [0x00000000a0000000, 0x00000000a2300000, 0x00000000e0000000)
  object space 35840K, 38% used [0x00000000a0000000,0x00000000a0d960f0,0x00000000a2300000)
 Metaspace       used 28622K, capacity 29122K, committed 29440K, reserved 1075200K
  class space    used 3855K, capacity 4013K, committed 4096K, reserved 1048576K
Event: 10.564 GC heap after
Heap after GC invocations=9 (full 1):
 PSYoungGen      total 130560K, used 7732K [0x00000000e0000000, 0x00000000e8f00000, 0x0000000100000000)
  eden space 122368K, 0% used [0x00000000e0000000,0x00000000e0000000,0x00000000e7780000)
  from space 8192K, 94% used [0x00000000e8700000,0x00000000e8e8d070,0x00000000e8f00000)
  to   space 10240K, 0% used [0x00000000e7b00000,0x00000000e7b00000,0x00000000e8500000)
 ParOldGen       total 35840K, used 13912K [0x00000000a0000000, 0x00000000a2300000, 0x00000000e0000000)
  object space 35840K, 38% used [0x00000000a0000000,0x00000000a0d960f0,0x00000000a2300000)
 Metaspace       used 28622K, capacity 29122K, committed 29440K, reserved 1075200K
  class space    used 3855K, capacity 4013K, committed 4096K, reserved 1048576K
}
Event: 15.414 GC heap before
{Heap before GC invocations=10 (full 1):
 PSYoungGen      total 130560K, used 130100K [0x00000000e0000000, 0x00000000e8f00000, 0x0000000100000000)
  eden space 122368K, 100% used [0x00000000e0000000,0x00000000e7780000,0x00000000e7780000)
  from space 8192K, 94% used [0x00000000e8700000,0x00000000e8e8d070,0x00000000e8f00000)
  to   space 10240K, 0% used [0x00000000e7b00000,0x00000000e7b00000,0x00000000e8500000)
 ParOldGen       total 35840K, used 13912K [0x00000000a0000000, 0x00000000a2300000, 0x00000000e0000000)
  object space 35840K, 38% used [0x00000000a0000000,0x00000000a0d960f0,0x00000000a2300000)
 Metaspace       used 34575K, capacity 35258K, committed 35416K, reserved 1079296K
  class space    used 4749K, capacity 4938K, committed 4992K, reserved 1048576K
Event: 15.464 GC heap after
Heap after GC invocations=10 (full 1):
 PSYoungGen      total 132608K, used 10217K [0x00000000e0000000, 0x00000000e8f00000, 0x0000000100000000)
  eden space 122368K, 0% used [0x00000000e0000000,0x00000000e0000000,0x00000000e7780000)
  from space 10240K, 99% used [0x00000000e7b00000,0x00000000e84fa750,0x00000000e8500000)
  to   space 8192K, 0% used [0x00000000e8700000,0x00000000e8700000,0x00000000e8f00000)
 ParOldGen       total 35840K, used 17918K [0x00000000a0000000, 0x00000000a2300000, 0x00000000e0000000)
  object space 35840K, 49% used [0x00000000a0000000,0x00000000a117f848,0x00000000a2300000)
 Metaspace       used 34575K, capacity 35258K, committed 35416K, reserved 1079296K
  class space    used 4749K, capacity 4938K, committed 4992K, reserved 1048576K
}
Event: 15.465 GC heap before
{Heap before GC invocations=11 (full 2):
 PSYoungGen      total 132608K, used 10217K [0x00000000e0000000, 0x00000000e8f00000, 0x0000000100000000)
  eden space 122368K, 0% used [0x00000000e0000000,0x00000000e0000000,0x00000000e7780000)
  from space 10240K, 99% used [0x00000000e7b00000,0x00000000e84fa750,0x00000000e8500000)
  to   space 8192K, 0% used [0x00000000e8700000,0x00000000e8700000,0x00000000e8f00000)
 ParOldGen       total 35840K, used 17918K [0x00000000a0000000, 0x00000000a2300000, 0x00000000e0000000)
  object space 35840K, 49% used [0x00000000a0000000,0x00000000a117f848,0x00000000a2300000)
 Metaspace       used 34575K, capacity 35258K, committed 35416K, reserved 1079296K
  class space    used 4749K, capacity 4938K, committed 4992K, reserved 1048576K
Event: 15.653 GC heap after
Heap after GC invocations=11 (full 2):
 PSYoungGen      total 132608K, used 0K [0x00000000e0000000, 0x00000000e8f00000, 0x0000000100000000)
  eden space 122368K, 0% used [0x00000000e0000000,0x00000000e0000000,0x00000000e7780000)
  from space 10240K, 0% used [0x00000000e7b00000,0x00000000e7b00000,0x00000000e8500000)
  to   space 8192K, 0% used [0x00000000e8700000,0x00000000e8700000,0x00000000e8f00000)
 ParOldGen       total 48128K, used 20976K [0x00000000a0000000, 0x00000000a2f00000, 0x00000000e0000000)
  object space 48128K, 43% used [0x00000000a0000000,0x00000000a147c018,0x00000000a2f00000)
 Metaspace       used 34573K, capacity 35252K, committed 35416K, reserved 1079296K
  class space    used 4749K, capacity 4937K, committed 4992K, reserved 1048576K
}

Deoptimization events (10 events):
Event: 17.376 Thread 0x0000000057a0b000 Uncommon trap: reason=unstable_if action=reinterpret pc=0x0000000002b9d0ec method=java.lang.CharacterDataLatin1.isWhitespace(I)Z @ 14
Event: 17.428 Thread 0x0000000057a0b000 Uncommon trap: reason=unstable_if action=reinterpret pc=0x00000000028e6c98 method=java.util.jar.JarFile.maybeInstantiateVerifier()V @ 4
Event: 17.431 Thread 0x0000000057a0b000 Uncommon trap: reason=unstable_if action=reinterpret pc=0x0000000002905a44 method=java.util.jar.JarFile.maybeInstantiateVerifier()V @ 4
Event: 17.431 Thread 0x0000000057a0b000 Uncommon trap: reason=unstable_if action=reinterpret pc=0x0000000002c6d9a0 method=java.security.CodeSource.<init>(Ljava/net/URL;[Ljava/security/CodeSigner;)V @ 25
Event: 17.433 Thread 0x0000000057a0b000 Uncommon trap: reason=unstable_if action=reinterpret pc=0x0000000002c84a1c method=java.security.CodeSource.getCertificates()[Ljava/security/cert/Certificate; @ 22
Event: 17.433 Thread 0x0000000057a0b000 Uncommon trap: reason=unstable_if action=reinterpret pc=0x0000000002b13a58 method=java.util.jar.JarFile.maybeInstantiateVerifier()V @ 4
Event: 17.434 Thread 0x0000000057a0b000 Uncommon trap: reason=unstable_if action=reinterpret pc=0x00000000030df1fc method=java.security.CodeSource.matchCerts(Ljava/security/CodeSource;Z)Z @ 11
Event: 17.467 Thread 0x0000000057a0b000 Uncommon trap: reason=unstable_if action=reinterpret pc=0x000000000309e5ec method=java.util.LinkedHashMap.get(Ljava/lang/Object;)Ljava/lang/Object; @ 20
Event: 17.583 Thread 0x0000000057a0b000 Uncommon trap: reason=unstable_if action=reinterpret pc=0x0000000002f466cc method=org.objectweb.asm.ByteVector.putUTF8(Ljava/lang/String;)Lorg/objectweb/asm/ByteVector; @ 93
Event: 17.749 Thread 0x0000000057a0b000 Uncommon trap: reason=unstable_if action=reinterpret pc=0x0000000002ee59e0 method=org.objectweb.asm.ByteVector.putUTF8(Ljava/lang/String;)Lorg/objectweb/asm/ByteVector; @ 93

Classes redefined (0 events):
No events

Internal exceptions (10 events):
Event: 15.285 Thread 0x0000000057a0b000 Exception <a 'java/lang/ClassNotFoundException': build_awogilwqe36lvzs8t7owopuvyBeanInfo> (0x00000000e73856f8) thrown at [D:\src\AOSP-openjdk-cygwin\jdk8u\hotspot\src\share\vm\classfile\systemDictionary.cpp, line 210]
Event: 15.286 Thread 0x0000000057a0b000 Exception <a 'java/lang/ClassNotFoundException': build_awogilwqe36lvzs8t7owopuvyCustomizer> (0x00000000e7391388) thrown at [D:\src\AOSP-openjdk-cygwin\jdk8u\hotspot\src\share\vm\classfile\systemDictionary.cpp, line 210]
Event: 15.320 Thread 0x0000000057a0b000 Exception <a 'java/lang/ClassNotFoundException': org/gradle/api/internal/plugins/DefaultObjectConfigurationActionBeanInfo> (0x00000000e7400338) thrown at [D:\src\AOSP-openjdk-cygwin\jdk8u\hotspot\src\share\vm\classfile\systemDictionary.cpp, line 210]
Event: 15.341 Thread 0x0000000057a0b000 Exception <a 'java/lang/ClassNotFoundException': org/gradle/api/internal/plugins/DefaultObjectConfigurationActionCustomizer> (0x00000000e743d4d8) thrown at [D:\src\AOSP-openjdk-cygwin\jdk8u\hotspot\src\share\vm\classfile\systemDictionary.cpp, line 210]
Event: 15.949 Thread 0x0000000057a0b000 Implicit null exception at 0x000000000305a305 to 0x000000000305a5ed
Event: 17.309 Thread 0x0000000057a0b000 Implicit null exception at 0x00000000030e2f18 to 0x00000000030e3445
Event: 17.776 Thread 0x0000000057a0b000 Exception <a 'java/lang/ClassNotFoundException': com/android/build/gradle/internal/api/DefaultAndroidSourceSet_DecoratedBeanInfo> (0x00000000e4cbe9c0) thrown at [D:\src\AOSP-openjdk-cygwin\jdk8u\hotspot\src\share\vm\classfile\systemDictionary.cpp, line 21
Event: 17.776 Thread 0x0000000057a0b000 Exception <a 'java/lang/ClassNotFoundException': com/android/build/gradle/internal/api/DefaultAndroidSourceSetBeanInfo> (0x00000000e4cdab08) thrown at [D:\src\AOSP-openjdk-cygwin\jdk8u\hotspot\src\share\vm\classfile\systemDictionary.cpp, line 210]
Event: 17.777 Thread 0x0000000057a0b000 Exception <a 'java/lang/ClassNotFoundException': com/android/build/gradle/internal/api/DefaultAndroidSourceSetCustomizer> (0x00000000e4cf6f48) thrown at [D:\src\AOSP-openjdk-cygwin\jdk8u\hotspot\src\share\vm\classfile\systemDictionary.cpp, line 210]
Event: 17.780 Thread 0x0000000057a0b000 Exception <a 'java/lang/ClassNotFoundException': com/android/build/gradle/internal/api/DefaultAndroidSourceSet_DecoratedCustomizer> (0x00000000e4d646d8) thrown at [D:\src\AOSP-openjdk-cygwin\jdk8u\hotspot\src\share\vm\classfile\systemDictionary.cpp, line 

Events (10 events):
Event: 17.949 loading class com/android/build/gradle/tasks/LintPerVariantTask$CreationAction
Event: 17.949 loading class com/android/build/gradle/tasks/LintPerVariantTask$CreationAction done
Event: 17.950 loading class com/android/build/gradle/internal/transforms/DexArchiveBuilderTransform
Event: 17.950 loading class com/android/build/gradle/internal/transforms/DexArchiveBuilderTransform done
Event: 17.953 loading class com/android/build/gradle/internal/tasks/CheckDuplicateClassesTask$CreationAction
Event: 17.953 loading class com/android/build/gradle/internal/tasks/CheckDuplicateClassesTask$CreationAction done
Event: 17.954 loading class com/android/build/gradle/internal/tasks/JacocoTask$CreationAction
Event: 17.954 loading class com/android/build/gradle/internal/tasks/JacocoTask$CreationAction done
Event: 17.955 loading class com/android/build/gradle/tasks/MergeResources$Flag
Event: 17.955 loading class com/android/build/gradle/tasks/MergeResources$Flag done


Dynamic libraries:
0x000000013fc40000 - 0x000000013fc71000 	C:\Program Files\Android\Android Studio\jre\bin\java.exe
0x0000000077a60000 - 0x0000000077c0a000 	C:\Windows\SYSTEM32\ntdll.dll
0x0000000077940000 - 0x0000000077a5f000 	C:\Windows\system32\kernel32.dll
0x000007fefd890000 - 0x000007fefd8fa000 	C:\Windows\system32\KERNELBASE.dll
0x000007feffb20000 - 0x000007feffbfb000 	C:\Windows\system32\ADVAPI32.dll
0x000007feff870000 - 0x000007feff90f000 	C:\Windows\system32\msvcrt.dll
0x000007fefdbd0000 - 0x000007fefdbef000 	C:\Windows\SYSTEM32\sechost.dll
0x000007fefe0c0000 - 0x000007fefe1ed000 	C:\Windows\system32\RPCRT4.dll
0x0000000077840000 - 0x000000007793a000 	C:\Windows\system32\USER32.dll
0x000007feff050000 - 0x000007feff0b7000 	C:\Windows\system32\GDI32.dll
0x000007fefdf50000 - 0x000007fefdf5e000 	C:\Windows\system32\LPK.dll
0x000007fefef80000 - 0x000007feff04a000 	C:\Windows\system32\USP10.dll
0x000007fefbcd0000 - 0x000007fefbec4000 	C:\Windows\WinSxS\amd64_microsoft.windows.common-controls_6595b64144ccf1df_6.0.7601.18837_none_fa3b1e3d17594757\COMCTL32.dll
0x000007fefded0000 - 0x000007fefdf41000 	C:\Windows\system32\SHLWAPI.dll
0x000007feff660000 - 0x000007feff68e000 	C:\Windows\system32\IMM32.DLL
0x000007feffc00000 - 0x000007feffd09000 	C:\Windows\system32\MSCTF.dll
0x0000000071c80000 - 0x0000000071d52000 	C:\Program Files\Android\Android Studio\jre\jre\bin\msvcr100.dll
0x000000006e2e0000 - 0x000000006eb26000 	C:\Program Files\Android\Android Studio\jre\jre\bin\server\jvm.dll
0x000007fefae80000 - 0x000007fefae89000 	C:\Windows\system32\WSOCK32.dll
0x000007feffd10000 - 0x000007feffd5d000 	C:\Windows\system32\WS2_32.dll
0x000007feffd60000 - 0x000007feffd68000 	C:\Windows\system32\NSI.dll
0x000007fef71d0000 - 0x000007fef720b000 	C:\Windows\system32\WINMM.dll
0x000007fefc8f0000 - 0x000007fefc8fc000 	C:\Windows\system32\VERSION.dll
0x0000000077c30000 - 0x0000000077c37000 	C:\Windows\system32\PSAPI.DLL
0x000007fef5520000 - 0x000007fef552f000 	C:\Program Files\Android\Android Studio\jre\jre\bin\verify.dll
0x000007fee4c80000 - 0x000007fee4ca9000 	C:\Program Files\Android\Android Studio\jre\jre\bin\java.dll
0x000007fee4c60000 - 0x000007fee4c76000 	C:\Program Files\Android\Android Studio\jre\jre\bin\zip.dll
0x000007fefe1f0000 - 0x000007fefef7a000 	C:\Windows\system32\SHELL32.dll
0x000007feff910000 - 0x000007feffb13000 	C:\Windows\system32\ole32.dll
0x000007fefd820000 - 0x000007fefd82f000 	C:\Windows\system32\profapi.dll
0x000007fee4c40000 - 0x000007fee4c5a000 	C:\Program Files\Android\Android Studio\jre\jre\bin\net.dll
0x000007fefcfe0000 - 0x000007fefd035000 	C:\Windows\system32\mswsock.dll
0x000007fefcfd0000 - 0x000007fefcfd7000 	C:\Windows\System32\wship6.dll
0x000007fee4900000 - 0x000007fee4911000 	C:\Program Files\Android\Android Studio\jre\jre\bin\nio.dll
0x000007fee6150000 - 0x000007fee6176000 	C:\Users\Administrator\.gradle\native\29\windows-amd64\native-platform.dll
0x000007fefa6d0000 - 0x000007fefa6d3000 	C:\Windows\system32\api-ms-win-core-synch-l1-2-0.DLL
0x000007feef2e0000 - 0x000007feef2ed000 	C:\Program Files\Android\Android Studio\jre\jre\bin\management.dll
0x000007fefd040000 - 0x000007fefd058000 	C:\Windows\system32\CRYPTSP.dll
0x000007fefcd40000 - 0x000007fefcd87000 	C:\Windows\system32\rsaenh.dll
0x000007fefd860000 - 0x000007fefd87e000 	C:\Windows\system32\USERENV.dll
0x000007fefd6b0000 - 0x000007fefd6bf000 	C:\Windows\system32\CRYPTBASE.dll
0x000007fefaf50000 - 0x000007fefaf77000 	C:\Windows\system32\IPHLPAPI.DLL
0x000007fefaf40000 - 0x000007fefaf4b000 	C:\Windows\system32\WINNSI.DLL
0x000007fefa2c0000 - 0x000007fefa2d8000 	C:\Windows\system32\dhcpcsvc.DLL
0x000007fefa2a0000 - 0x000007fefa2b1000 	C:\Windows\system32\dhcpcsvc6.DLL

VM Arguments:
jvm_args: -Xmx1536m -Dfile.encoding=x-windows-949 -Duser.country=KR -Duser.language=ko -Duser.variant 
java_command: org.gradle.launcher.daemon.bootstrap.GradleDaemon 5.4.1
java_class_path (initial): C:\Users\Administrator\.gradle\wrapper\dists\gradle-5.4.1-all\3221gyojl5jsh0helicew7rwx\gradle-5.4.1\lib\gradle-launcher-5.4.1.jar
Launcher Type: SUN_STANDARD

Environment Variables:
PATH=C:\Program Files (x86)\Common Files\Oracle\Java\javapath;C:\Program Files (x86)\Intel\iCLS Client\;C:\Program Files\Intel\iCLS Client\;C:\Windows\system32;C:\Windows;C:\Windows\System32\Wbem;C:\Windows\System32\WindowsPowerShell\v1.0\;C:\Program Files\Intel\Intel(R) Management Engine Components\DAL;C:\Program Files (x86)\Intel\Intel(R) Management Engine Components\DAL;C:\Program Files\Intel\Intel(R) Management Engine Components\IPT;C:\Program Files (x86)\Intel\Intel(R) Management Engine Components\IPT;c:\Program Files (x86)\Microsoft SQL Server\100\Tools\Binn\;c:\Program Files\Microsoft SQL Server\100\Tools\Binn\;c:\Program Files\Microsoft SQL Server\100\DTS\Binn\;C:\Program Files\MATLAB\MATLAB Production Server\R2015a\runtime\win64;C:\Program Files\MATLAB\MATLAB Production Server\R2015a\bin;C:\Program Files\MATLAB\MATLAB Production Server\R2015a\polyspace\bin;C:\APM_Setup\Server\Apache\bin;C:\APM_Setup\Server\MySQL5\bin;C:\APM_Setup\Ser;C:\Program Files\Intel\WiFi\bin\;C:\Program Files\Common Files\Intel\WirelessCommon\;C:\Program Files\Git\cmd;C:\Program Files (x86)\Nmap;C:\Users\Administrator\AppData\Local\Programs\Fiddler;C:\Program Files\Intel\WiFi\bin\;C:\Program Files\Common Files\Intel\WirelessCommon\;C:\Users\Administrator\AppData\Local\GitHubDesktop\bin
USERNAME=Administrator
OS=Windows_NT
PROCESSOR_IDENTIFIER=Intel64 Family 6 Model 61 Stepping 4, GenuineIntel



---------------  S Y S T E M  ---------------

OS: Windows 7 , 64 bit Build 7601 (6.1.7601.23677)

CPU:total 4 (initial active 4) (2 cores per cpu, 2 threads per core) family 6 model 61 stepping 4, cmov, cx8, fxsr, mmx, sse, sse2, sse3, ssse3, sse4.1, sse4.2, popcnt, avx, avx2, aes, clmul, erms, 3dnowpref, lzcnt, ht, tsc, tscinvbit, bmi1, bmi2, adx

Memory: 4k page, physical 4097968k(315128k free), swap 5551192k(6588k free)

vm_info: OpenJDK 64-Bit Server VM (25.202-b03) for windows-amd64 JRE (1.8.0_202-release-1483-b03), built by "builder" with MS VC++ 10.0 (VS2010)

time: Tue Jan 21 16:58:42 2020
timezone: 대한민국 표준시
elapsed time: 17 seconds (0d 0h 0m 17s)

